[debug] [2021-11-02T07:25:05.889Z] ----------------------------------------------------------------------
[debug] [2021-11-02T07:25:05.892Z] Command:       C:\Program Files\nodejs\node.exe C:\Users\mynuddin.shikder\AppData\Roaming\npm\node_modules\firebase-tools\lib\bin\firebase.js init
[debug] [2021-11-02T07:25:05.893Z] CLI Version:   9.21.0
[debug] [2021-11-02T07:25:05.893Z] Platform:      win32
[debug] [2021-11-02T07:25:05.893Z] Node Version:  v16.6.0
[debug] [2021-11-02T07:25:05.898Z] Time:          Tue Nov 02 2021 13:25:05 GMT+0600 (Bangladesh Standard Time)
[debug] [2021-11-02T07:25:05.898Z] ----------------------------------------------------------------------
[debug] 
[debug] [2021-11-02T07:25:06.007Z] > command requires scopes: ["email","openid","https://www.googleapis.com/auth/cloudplatformprojects.readonly","https://www.googleapis.com/auth/firebase","https://www.googleapis.com/auth/cloud-platform"]
[debug] [2021-11-02T07:25:06.007Z] > authorizing via signed-in user (mynuddineee@gmail.com)
[info] 
     ######## #### ########  ######## ########     ###     ######  ########
     ##        ##  ##     ## ##       ##     ##  ##   ##  ##       ##
     ######    ##  ########  ######   ########  #########  ######  ######
     ##        ##  ##    ##  ##       ##     ## ##     ##       ## ##
     ##       #### ##     ## ######## ########  ##     ##  ######  ########

You're about to initialize a Firebase project in this directory:

  D:\mongodb\Genius-Car-Mechanics-module-61

Before we get started, keep in mind:

  * You are initializing within an existing Firebase project directory

[info] 
=== Project Setup
[info] 
[info] First, let's associate this project directory with a Firebase project.
[info] You can create multiple project aliases by running firebase use --add, 
[info] but for now we'll just set up a default project.
[info] 
[info] i  .firebaserc already has a default project, using genius-car-mechanics. 
[debug] [2021-11-02T07:25:18.411Z] >>> [apiv2][query] GET https://firebase.googleapis.com/v1beta1/projects/genius-car-mechanics [none]
[debug] [2021-11-02T07:25:19.109Z] <<< [apiv2][status] GET https://firebase.googleapis.com/v1beta1/projects/genius-car-mechanics 403
[debug] [2021-11-02T07:25:19.110Z] <<< [apiv2][body] GET https://firebase.googleapis.com/v1beta1/projects/genius-car-mechanics {"error":{"code":403,"message":"The caller does not have permission","status":"PERMISSION_DENIED"}}
[debug] [2021-11-02T07:25:19.112Z] HTTP Error: 403, The caller does not have permission
[debug] [2021-11-02T07:25:19.118Z] FirebaseError: HTTP Error: 403, The caller does not have permission
    at module.exports (C:\Users\mynuddin.shikder\AppData\Roaming\npm\node_modules\firebase-tools\lib\responseToError.js:38:12)
    at Client.doRequest (C:\Users\mynuddin.shikder\AppData\Roaming\npm\node_modules\firebase-tools\lib\apiv2.js:240:23)
    at processTicksAndRejections (node:internal/process/task_queues:96:5)
    at async Client.request (C:\Users\mynuddin.shikder\AppData\Roaming\npm\node_modules\firebase-tools\lib\apiv2.js:96:20)
    at async Object.getFirebaseProject (C:\Users\mynuddin.shikder\AppData\Roaming\npm\node_modules\firebase-tools\lib\management\projects.js:290:21)
    at async Object.doSetup [as project] (C:\Users\mynuddin.shikder\AppData\Roaming\npm\node_modules\firebase-tools\lib\init\features\project.js:77:27)
    at async init (C:\Users\mynuddin.shikder\AppData\Roaming\npm\node_modules\firebase-tools\lib\init\index.js:19:9)
[error] 
[error] Error: Failed to get Firebase project genius-car-mechanics. Please make sure the project exists and your account has permission to access it.
